mode: set
github.com/rachit4645/KubeCRDs/api/v1/crds_types.go:63.13,65.2 1 0
github.com/rachit4645/KubeCRDs/api/v1/zz_generated.deepcopy.go:28.47,30.24 2 0
github.com/rachit4645/KubeCRDs/api/v1/zz_generated.deepcopy.go:30.24,34.3 3 0
github.com/rachit4645/KubeCRDs/api/v1/zz_generated.deepcopy.go:38.40,39.15 1 0
github.com/rachit4645/KubeCRDs/api/v1/zz_generated.deepcopy.go:39.15,41.3 1 0
github.com/rachit4645/KubeCRDs/api/v1/zz_generated.deepcopy.go:42.2,44.12 3 0
github.com/rachit4645/KubeCRDs/api/v1/zz_generated.deepcopy.go:48.51,50.2 1 0
github.com/rachit4645/KubeCRDs/api/v1/zz_generated.deepcopy.go:53.44,54.15 1 0
github.com/rachit4645/KubeCRDs/api/v1/zz_generated.deepcopy.go:54.15,56.3 1 0
github.com/rachit4645/KubeCRDs/api/v1/zz_generated.deepcopy.go:57.2,59.12 3 0
github.com/rachit4645/KubeCRDs/api/v1/zz_generated.deepcopy.go:63.41,69.2 5 0
github.com/rachit4645/KubeCRDs/api/v1/zz_generated.deepcopy.go:72.34,73.15 1 0
github.com/rachit4645/KubeCRDs/api/v1/zz_generated.deepcopy.go:73.15,75.3 1 0
github.com/rachit4645/KubeCRDs/api/v1/zz_generated.deepcopy.go:76.2,78.12 3 0
github.com/rachit4645/KubeCRDs/api/v1/zz_generated.deepcopy.go:82.49,83.34 1 0
github.com/rachit4645/KubeCRDs/api/v1/zz_generated.deepcopy.go:83.34,85.3 1 0
github.com/rachit4645/KubeCRDs/api/v1/zz_generated.deepcopy.go:86.2,86.12 1 0
github.com/rachit4645/KubeCRDs/api/v1/zz_generated.deepcopy.go:90.49,94.21 4 0
github.com/rachit4645/KubeCRDs/api/v1/zz_generated.deepcopy.go:94.21,97.22 3 0
github.com/rachit4645/KubeCRDs/api/v1/zz_generated.deepcopy.go:97.22,99.4 1 0
github.com/rachit4645/KubeCRDs/api/v1/zz_generated.deepcopy.go:104.42,105.15 1 0
github.com/rachit4645/KubeCRDs/api/v1/zz_generated.deepcopy.go:105.15,107.3 1 0
github.com/rachit4645/KubeCRDs/api/v1/zz_generated.deepcopy.go:108.2,110.12 3 0
github.com/rachit4645/KubeCRDs/api/v1/zz_generated.deepcopy.go:114.53,115.34 1 0
github.com/rachit4645/KubeCRDs/api/v1/zz_generated.deepcopy.go:115.34,117.3 1 0
github.com/rachit4645/KubeCRDs/api/v1/zz_generated.deepcopy.go:118.2,118.12 1 0
github.com/rachit4645/KubeCRDs/cmd/main.go:48.13,53.2 2 0
github.com/rachit4645/KubeCRDs/cmd/main.go:56.13,96.38 24 0
github.com/rachit4645/KubeCRDs/cmd/main.go:96.38,99.3 2 0
github.com/rachit4645/KubeCRDs/cmd/main.go:101.2,101.18 1 0
github.com/rachit4645/KubeCRDs/cmd/main.go:101.18,103.3 1 0
github.com/rachit4645/KubeCRDs/cmd/main.go:106.2,111.30 3 0
github.com/rachit4645/KubeCRDs/cmd/main.go:111.30,118.3 4 0
github.com/rachit4645/KubeCRDs/cmd/main.go:120.2,132.19 3 0
github.com/rachit4645/KubeCRDs/cmd/main.go:132.19,138.3 1 0
github.com/rachit4645/KubeCRDs/cmd/main.go:148.2,148.30 1 0
github.com/rachit4645/KubeCRDs/cmd/main.go:148.30,155.3 4 0
github.com/rachit4645/KubeCRDs/cmd/main.go:157.2,176.16 2 0
github.com/rachit4645/KubeCRDs/cmd/main.go:176.16,179.3 2 0
github.com/rachit4645/KubeCRDs/cmd/main.go:181.2,184.39 1 0
github.com/rachit4645/KubeCRDs/cmd/main.go:184.39,187.3 2 0
github.com/rachit4645/KubeCRDs/cmd/main.go:190.2,190.69 1 0
github.com/rachit4645/KubeCRDs/cmd/main.go:190.69,193.3 2 0
github.com/rachit4645/KubeCRDs/cmd/main.go:194.2,194.67 1 0
github.com/rachit4645/KubeCRDs/cmd/main.go:194.67,197.3 2 0
github.com/rachit4645/KubeCRDs/cmd/main.go:199.2,200.61 2 0
github.com/rachit4645/KubeCRDs/cmd/main.go:200.61,203.3 2 0
github.com/rachit4645/KubeCRDs/test/utils/utils.go:38.27,40.2 1 0
github.com/rachit4645/KubeCRDs/test/utils/utils.go:43.41,47.42 3 0
github.com/rachit4645/KubeCRDs/test/utils/utils.go:47.42,49.3 1 0
github.com/rachit4645/KubeCRDs/test/utils/utils.go:51.2,55.16 5 0
github.com/rachit4645/KubeCRDs/test/utils/utils.go:55.16,57.3 1 0
github.com/rachit4645/KubeCRDs/test/utils/utils.go:59.2,59.28 1 0
github.com/rachit4645/KubeCRDs/test/utils/utils.go:63.29,66.36 3 0
github.com/rachit4645/KubeCRDs/test/utils/utils.go:66.36,68.3 1 0
github.com/rachit4645/KubeCRDs/test/utils/utils.go:71.2,75.41 2 0
github.com/rachit4645/KubeCRDs/test/utils/utils.go:75.41,78.37 2 0
github.com/rachit4645/KubeCRDs/test/utils/utils.go:78.37,80.4 1 0
github.com/rachit4645/KubeCRDs/test/utils/utils.go:85.33,88.36 3 0
github.com/rachit4645/KubeCRDs/test/utils/utils.go:88.36,90.3 1 0
github.com/rachit4645/KubeCRDs/test/utils/utils.go:93.2,100.12 3 0
github.com/rachit4645/KubeCRDs/test/utils/utils.go:105.40,119.16 4 0
github.com/rachit4645/KubeCRDs/test/utils/utils.go:119.16,121.3 1 0
github.com/rachit4645/KubeCRDs/test/utils/utils.go:124.2,125.38 2 0
github.com/rachit4645/KubeCRDs/test/utils/utils.go:125.38,126.32 1 0
github.com/rachit4645/KubeCRDs/test/utils/utils.go:126.32,127.35 1 0
github.com/rachit4645/KubeCRDs/test/utils/utils.go:127.35,129.5 1 0
github.com/rachit4645/KubeCRDs/test/utils/utils.go:133.2,133.14 1 0
github.com/rachit4645/KubeCRDs/test/utils/utils.go:137.56,139.47 2 0
github.com/rachit4645/KubeCRDs/test/utils/utils.go:139.47,141.3 1 0
github.com/rachit4645/KubeCRDs/test/utils/utils.go:142.2,144.39 3 0
github.com/rachit4645/KubeCRDs/test/utils/utils.go:144.39,146.3 1 0
github.com/rachit4645/KubeCRDs/test/utils/utils.go:147.2,149.12 3 0
github.com/rachit4645/KubeCRDs/test/utils/utils.go:154.47,157.35 3 0
github.com/rachit4645/KubeCRDs/test/utils/utils.go:157.35,158.20 1 0
github.com/rachit4645/KubeCRDs/test/utils/utils.go:158.20,160.4 1 0
github.com/rachit4645/KubeCRDs/test/utils/utils.go:163.2,163.12 1 0
github.com/rachit4645/KubeCRDs/test/utils/utils.go:167.38,169.16 2 0
github.com/rachit4645/KubeCRDs/test/utils/utils.go:169.16,171.3 1 0
github.com/rachit4645/KubeCRDs/test/utils/utils.go:172.2,173.16 2 0
github.com/rachit4645/KubeCRDs/test/utils/utils.go:178.59,182.16 2 0
github.com/rachit4645/KubeCRDs/test/utils/utils.go:182.16,184.3 1 0
github.com/rachit4645/KubeCRDs/test/utils/utils.go:185.2,188.13 3 0
github.com/rachit4645/KubeCRDs/test/utils/utils.go:188.13,190.3 1 0
github.com/rachit4645/KubeCRDs/test/utils/utils.go:192.2,194.16 3 0
github.com/rachit4645/KubeCRDs/test/utils/utils.go:194.16,196.3 1 0
github.com/rachit4645/KubeCRDs/test/utils/utils.go:198.2,199.21 2 0
github.com/rachit4645/KubeCRDs/test/utils/utils.go:199.21,201.3 1 0
github.com/rachit4645/KubeCRDs/test/utils/utils.go:202.2,202.6 1 0
github.com/rachit4645/KubeCRDs/test/utils/utils.go:202.6,203.87 1 0
github.com/rachit4645/KubeCRDs/test/utils/utils.go:203.87,205.4 1 0
github.com/rachit4645/KubeCRDs/test/utils/utils.go:207.3,207.22 1 0
github.com/rachit4645/KubeCRDs/test/utils/utils.go:207.22,208.9 1 0
github.com/rachit4645/KubeCRDs/test/utils/utils.go:210.3,210.49 1 0
github.com/rachit4645/KubeCRDs/test/utils/utils.go:210.49,212.4 1 0
github.com/rachit4645/KubeCRDs/test/utils/utils.go:215.2,215.63 1 0
github.com/rachit4645/KubeCRDs/test/utils/utils.go:215.63,217.3 1 0
github.com/rachit4645/KubeCRDs/test/utils/utils.go:221.2,221.65 1 0
github.com/rachit4645/KubeCRDs/test/utils/utils.go:221.65,223.3 1 0
github.com/rachit4645/KubeCRDs/test/utils/utils.go:225.2,225.12 1 0
github.com/rachit4645/KubeCRDs/internal/controller/crds_controller.go:56.96,59.61 2 1
github.com/rachit4645/KubeCRDs/internal/controller/crds_controller.go:59.61,60.29 1 1
github.com/rachit4645/KubeCRDs/internal/controller/crds_controller.go:60.29,62.4 1 1
github.com/rachit4645/KubeCRDs/internal/controller/crds_controller.go:63.3,63.28 1 0
github.com/rachit4645/KubeCRDs/internal/controller/crds_controller.go:67.2,67.47 1 1
github.com/rachit4645/KubeCRDs/internal/controller/crds_controller.go:67.47,69.52 1 1
github.com/rachit4645/KubeCRDs/internal/controller/crds_controller.go:69.52,71.46 2 1
github.com/rachit4645/KubeCRDs/internal/controller/crds_controller.go:71.46,73.5 1 1
github.com/rachit4645/KubeCRDs/internal/controller/crds_controller.go:75.8,77.51 1 1
github.com/rachit4645/KubeCRDs/internal/controller/crds_controller.go:77.51,78.56 1 1
github.com/rachit4645/KubeCRDs/internal/controller/crds_controller.go:78.56,80.5 1 0
github.com/rachit4645/KubeCRDs/internal/controller/crds_controller.go:81.4,82.46 2 1
github.com/rachit4645/KubeCRDs/internal/controller/crds_controller.go:82.46,84.5 1 0
github.com/rachit4645/KubeCRDs/internal/controller/crds_controller.go:86.3,86.28 1 1
github.com/rachit4645/KubeCRDs/internal/controller/crds_controller.go:90.2,91.16 2 1
github.com/rachit4645/KubeCRDs/internal/controller/crds_controller.go:91.16,93.3 1 0
github.com/rachit4645/KubeCRDs/internal/controller/crds_controller.go:95.2,95.59 1 1
github.com/rachit4645/KubeCRDs/internal/controller/crds_controller.go:95.59,97.3 1 0
github.com/rachit4645/KubeCRDs/internal/controller/crds_controller.go:100.2,100.53 1 1
github.com/rachit4645/KubeCRDs/internal/controller/crds_controller.go:100.53,102.3 1 0
github.com/rachit4645/KubeCRDs/internal/controller/crds_controller.go:104.2,104.27 1 1
github.com/rachit4645/KubeCRDs/internal/controller/crds_controller.go:107.90,109.30 2 1
github.com/rachit4645/KubeCRDs/internal/controller/crds_controller.go:109.30,111.3 1 1
github.com/rachit4645/KubeCRDs/internal/controller/crds_controller.go:113.2,139.85 2 1
github.com/rachit4645/KubeCRDs/internal/controller/crds_controller.go:139.85,141.3 1 0
github.com/rachit4645/KubeCRDs/internal/controller/crds_controller.go:143.2,143.20 1 1
github.com/rachit4645/KubeCRDs/internal/controller/crds_controller.go:146.89,148.108 2 1
github.com/rachit4645/KubeCRDs/internal/controller/crds_controller.go:148.108,149.29 1 1
github.com/rachit4645/KubeCRDs/internal/controller/crds_controller.go:149.29,151.4 1 1
github.com/rachit4645/KubeCRDs/internal/controller/crds_controller.go:151.9,153.4 1 0
github.com/rachit4645/KubeCRDs/internal/controller/crds_controller.go:154.8,156.3 1 1
github.com/rachit4645/KubeCRDs/internal/controller/crds_controller.go:157.2,157.36 1 1
github.com/rachit4645/KubeCRDs/internal/controller/crds_controller.go:160.101,163.28 3 1
github.com/rachit4645/KubeCRDs/internal/controller/crds_controller.go:163.28,165.3 1 1
github.com/rachit4645/KubeCRDs/internal/controller/crds_controller.go:165.8,165.23 1 1
github.com/rachit4645/KubeCRDs/internal/controller/crds_controller.go:165.23,167.3 1 0
github.com/rachit4645/KubeCRDs/internal/controller/crds_controller.go:170.2,171.103 2 1
github.com/rachit4645/KubeCRDs/internal/controller/crds_controller.go:171.103,173.3 1 1
github.com/rachit4645/KubeCRDs/internal/controller/crds_controller.go:175.2,175.33 1 1
github.com/rachit4645/KubeCRDs/internal/controller/crds_controller.go:178.90,181.28 3 1
github.com/rachit4645/KubeCRDs/internal/controller/crds_controller.go:181.28,183.3 1 0
github.com/rachit4645/KubeCRDs/internal/controller/crds_controller.go:183.8,183.23 1 1
github.com/rachit4645/KubeCRDs/internal/controller/crds_controller.go:183.23,185.3 1 0
github.com/rachit4645/KubeCRDs/internal/controller/crds_controller.go:186.2,186.31 1 1
github.com/rachit4645/KubeCRDs/internal/controller/crds_controller.go:190.67,195.2 1 1
github.com/rachit4645/KubeCRDs/internal/controller/crds_controller.go:197.52,198.29 1 1
github.com/rachit4645/KubeCRDs/internal/controller/crds_controller.go:198.29,199.16 1 1
github.com/rachit4645/KubeCRDs/internal/controller/crds_controller.go:199.16,201.4 1 1
github.com/rachit4645/KubeCRDs/internal/controller/crds_controller.go:203.2,203.14 1 1
github.com/rachit4645/KubeCRDs/internal/controller/crds_controller.go:206.54,208.29 2 1
github.com/rachit4645/KubeCRDs/internal/controller/crds_controller.go:208.29,209.16 1 1
github.com/rachit4645/KubeCRDs/internal/controller/crds_controller.go:209.16,211.4 1 0
github.com/rachit4645/KubeCRDs/internal/controller/crds_controller.go:213.2,213.15 1 1
